Namespace(convs='gnn', data_name='cora', data_path='data/raw_data/cocitation/', device=3, dim=256, dp=0.5, epochs=500, heads=4, lr=0.001, num_layers=1, patience=20, pool='mean', type_gnn='GAT', wd=0)
Exps. for  data/raw_data/cocitation/cora
building sub graph
Results for 10 runs:
mean : 79.42% std : 1.01
Namespace(convs='gnn', data_name='citeseer', data_path='data/raw_data/cocitation/', device=3, dim=512, dp=0.5, epochs=500, heads=8, lr=0.001, num_layers=1, patience=20, pool='mean', type_gnn='GAT', wd=0)
Exps. for  data/raw_data/cocitation/citeseer
building sub graph
Results for 10 runs:
mean : 73.51% std : 1.37
Namespace(convs='gnn', data_name='pubmed', data_path='data/raw_data/cocitation/', device=3, dim=256, dp=0.5, epochs=500, heads=8, lr=0.001, num_layers=1, patience=20, pool='mean', type_gnn='GAT', wd=0)
Exps. for  data/raw_data/cocitation/pubmed
building sub graph
Results for 10 runs:
mean : 87.64% std : 0.46
Namespace(convs='gnn', data_name='cora', data_path='data/raw_data/coauthorship/', device=3, dim=128, dp=0.5, epochs=500, heads=8, lr=0.001, num_layers=1, patience=20, pool='mean', type_gnn='GAT', wd=0)
Exps. for  data/raw_data/coauthorship/cora
building sub graph
Results for 10 runs:
mean : 83.62% std : 0.93
Namespace(convs='gnn', data_name='dblp', data_path='data/raw_data/coauthorship/', device=3, dim=512, dp=0.5, epochs=500, heads=8, lr=0.001, num_layers=1, patience=20, pool='mean', type_gnn='GAT', wd=0)
Exps. for  data/raw_data/coauthorship/dblp
building sub graph
Results for 10 runs:
mean : 91.42% std : 0.29
Namespace(convs='gnn', data_name='zoo', data_path='data/raw_data/', device=3, dim=64, dp=0.5, epochs=500, heads=1, lr=0.01, num_layers=1, patience=20, pool='mean', type_gnn='GAT', wd=1e-05)
Exps. for  data/raw_data/zoo
building sub graph
Results for 10 runs:
mean : 89.62% std : 7.70
Namespace(convs='gnn', data_name='ModelNet40', data_path='data/raw_data/', device=3, dim=512, dp=0.5, epochs=500, heads=8, lr=0.001, num_layers=1, patience=20, pool='mean', type_gnn='GAT', wd=0)
Exps. for  data/raw_data/ModelNet40
building sub graph
Results for 10 runs:
mean : 97.36% std : 0.29
Namespace(convs='gnn', data_name='NTU2012', data_path='data/raw_data/', device=3, dim=256, dp=0.5, epochs=500, heads=1, lr=0.001, num_layers=1, patience=20, pool='mean', type_gnn='GAT', wd=0)
Exps. for  data/raw_data/NTU2012
building sub graph
Results for 10 runs:
mean : 87.34% std : 1.72
